PLINK v2.00a2LM AVX2 Intel (27 May 2019)
Options in effect:
  --bgen /project/t/tpaus/tpaus/UKBB/datasets/gene_data/ukb_imp_chr1_v3.bgen
  --extract /home/t/tpaus/mbernard/ukbiobank/chrom1_selected_markers.txt
  --geno 0.05
  --hwe 1e-15
  --keep /home/t/tpaus/jshinb/ukbb_gwas_data/famfile_PC1_HighHbA1c_top2_CT_adjBase_all.fam
  --mac 100
  --maf 0.01
  --make-bed
  --out ukb43688_imp_chr1_v3_filtered
  --remove /home/t/tpaus/mbernard/ukbiobank/subjects_to_remove_list.txt
  --sample /project/t/tpaus/tpaus/UKBB/datasets/gene_data/gene_data_backup/backup_gene_data_sample/ukb43688_imp_chr1_v3_s487314.sample

Hostname: nia0852.scinet.local
Working directory: /gpfs/fs0/scratch/t/tpaus/jshinb/PLINK/HighHbA1c_top2CT_adjBase_2021-10-01/adjBase
Start time: Fri Oct  1 11:53:54 2021

Random number seed: 1633103634
193064 MiB RAM detected; reserving 96532 MiB for main workspace.
Using up to 80 threads (change this with --threads).
--bgen: 7402791 variants detected, format v1.2.
487409 samples imported from .sample file to
ukb43688_imp_chr1_v3_filtered-temporary.psam .
--bgen: ukb43688_imp_chr1_v3_filtered-temporary.pgen +
ukb43688_imp_chr1_v3_filtered-temporary.pvar written.
487409 samples (264313 females, 223001 males, 95 ambiguous; 487409 founders)
loaded from ukb43688_imp_chr1_v3_filtered-temporary.psam.
7402791 variants loaded from ukb43688_imp_chr1_v3_filtered-temporary.pvar.
Note: No phenotype data present.
--extract: 2271621 variants remaining.
--keep: 4439 samples remaining.
--remove: 4438 samples remaining.
4438 samples (1069 females, 3369 males; 4438 founders) remaining after main
filters.
Calculating allele frequencies... done.
--geno: 45296 variants removed due to missing genotype data.
--hwe: 0 variants removed due to Hardy-Weinberg exact test (founders only).
1559773 variants removed due to allele frequency threshold(s)
(--maf/--max-maf/--mac/--max-mac).
666552 variants remaining after main filters.
Writing ukb43688_imp_chr1_v3_filtered.fam ... done.
Writing ukb43688_imp_chr1_v3_filtered.bim ... done.
Writing ukb43688_imp_chr1_v3_filtered.bed ... done.

End time: Fri Oct  1 12:15:57 2021
